Determining if the pthread_create exist failed with the following output:
Change Dir: /home/jagatpreet/workspaces/catkin_ws/src/spinnaker_sdk_camera_driver/cmake-build-debug/CMakeFiles/CMakeTmp

Run Build Command(s):/usr/bin/make cmTC_fa7e8/fast 
/usr/bin/make -f CMakeFiles/cmTC_fa7e8.dir/build.make CMakeFiles/cmTC_fa7e8.dir/build
make[1]: Entering directory '/home/jagatpreet/workspaces/catkin_ws/src/spinnaker_sdk_camera_driver/cmake-build-debug/CMakeFiles/CMakeTmp'
Building C object CMakeFiles/cmTC_fa7e8.dir/CheckSymbolExists.c.o
/usr/bin/cc    -o CMakeFiles/cmTC_fa7e8.dir/CheckSymbolExists.c.o   -c /home/jagatpreet/workspaces/catkin_ws/src/spinnaker_sdk_camera_driver/cmake-build-debug/CMakeFiles/CMakeTmp/CheckSymbolExists.c
Linking C executable cmTC_fa7e8
/home/jagatpreet/software/clion-2019.2.1/bin/cmake/linux/bin/cmake -E cmake_link_script CMakeFiles/cmTC_fa7e8.dir/link.txt --verbose=1
/usr/bin/cc      -rdynamic CMakeFiles/cmTC_fa7e8.dir/CheckSymbolExists.c.o  -o cmTC_fa7e8 
CMakeFiles/cmTC_fa7e8.dir/CheckSymbolExists.c.o: In function `main':
CheckSymbolExists.c:(.text+0x1b): undefined reference to `pthread_create'
collect2: error: ld returned 1 exit status
CMakeFiles/cmTC_fa7e8.dir/build.make:86: recipe for target 'cmTC_fa7e8' failed
make[1]: *** [cmTC_fa7e8] Error 1
make[1]: Leaving directory '/home/jagatpreet/workspaces/catkin_ws/src/spinnaker_sdk_camera_driver/cmake-build-debug/CMakeFiles/CMakeTmp'
Makefile:121: recipe for target 'cmTC_fa7e8/fast' failed
make: *** [cmTC_fa7e8/fast] Error 2

File /home/jagatpreet/workspaces/catkin_ws/src/spinnaker_sdk_camera_driver/cmake-build-debug/CMakeFiles/CMakeTmp/CheckSymbolExists.c:
/* */
#include <pthread.h>

int main(int argc, char** argv)
{
  (void)argv;
#ifndef pthread_create
  return ((int*)(&pthread_create))[argc];
#else
  (void)argc;
  return 0;
#endif
}

Determining if the function pthread_create exists in the pthreads failed with the following output:
Change Dir: /home/jagatpreet/workspaces/catkin_ws/src/spinnaker_sdk_camera_driver/cmake-build-debug/CMakeFiles/CMakeTmp

Run Build Command(s):/usr/bin/make cmTC_a0221/fast 
/usr/bin/make -f CMakeFiles/cmTC_a0221.dir/build.make CMakeFiles/cmTC_a0221.dir/build
make[1]: Entering directory '/home/jagatpreet/workspaces/catkin_ws/src/spinnaker_sdk_camera_driver/cmake-build-debug/CMakeFiles/CMakeTmp'
Building C object CMakeFiles/cmTC_a0221.dir/CheckFunctionExists.c.o
/usr/bin/cc   -DCHECK_FUNCTION_EXISTS=pthread_create   -o CMakeFiles/cmTC_a0221.dir/CheckFunctionExists.c.o   -c /home/jagatpreet/software/clion-2019.2.1/bin/cmake/linux/share/cmake-3.14/Modules/CheckFunctionExists.c
Linking C executable cmTC_a0221
/home/jagatpreet/software/clion-2019.2.1/bin/cmake/linux/bin/cmake -E cmake_link_script CMakeFiles/cmTC_a0221.dir/link.txt --verbose=1
/usr/bin/cc  -DCHECK_FUNCTION_EXISTS=pthread_create    -rdynamic CMakeFiles/cmTC_a0221.dir/CheckFunctionExists.c.o  -o cmTC_a0221 -lpthreads 
/usr/bin/ld: cannot find -lpthreads
collect2: error: ld returned 1 exit status
CMakeFiles/cmTC_a0221.dir/build.make:86: recipe for target 'cmTC_a0221' failed
make[1]: *** [cmTC_a0221] Error 1
make[1]: Leaving directory '/home/jagatpreet/workspaces/catkin_ws/src/spinnaker_sdk_camera_driver/cmake-build-debug/CMakeFiles/CMakeTmp'
Makefile:121: recipe for target 'cmTC_a0221/fast' failed
make: *** [cmTC_a0221/fast] Error 2


